<?xml version="1.0" encoding="UTF-8"?>
<!-- Generated by org.testng.reporters.JUnitReportReporter -->
<testsuite hostname="rajendraprasad" name="com.capita.PageObjectModel" tests="1" failures="0" timestamp="2 Aug 2018 12:36:00 GMT" time="8.111" errors="0">
  <testcase name="EnterDetails" time="8.111" classname="com.capita.PageObjectModel"/>
</testsuite> <!-- com.capita.PageObjectModel -->
