<?xml version="1.0" encoding="UTF-8"?>
<!-- Generated by org.testng.reporters.JUnitReportReporter -->
<testsuite hostname="rajendraprasad" name="com.capita.FcbkPomPrjct" tests="1" failures="0" timestamp="2 Aug 2018 12:57:24 GMT" time="1.509" errors="0">
  <testcase name="Callingmeth" time="1.509" classname="com.capita.FcbkPomPrjct"/>
</testsuite> <!-- com.capita.FcbkPomPrjct -->
